<?xml version="1.0" encoding="UTF-8"?>
<!-- Generated by org.testng.reporters.JUnitXMLReporter -->
<testsuite hostname="kuldeep-Travel" ignored="2" name="BookingFlow" tests="4" failures="0" timestamp="27 Mar 2019 10:01:48 GMT" time="59.196" errors="0">
  <testcase name="selectAdultAndChild" time="8.291" classname="b2c.BookingWidgetTest"/>
  <testcase name="selectAdultAndChildWithZero" time="2.167" classname="b2c.BookingWidgetTest"/>
  <testcase name="selectNextMonthDate" time="2.18" classname="b2c.BookingWidgetTest"/>
  <testcase name="EnterPaxDetails" time="34.218" classname="b2c.SearchPageTest"/>
  <testcase name="@AfterSuite cleanup" time="0.0" classname="resources.BasePageTest">
    <ignored/>
  </testcase> <!-- @AfterSuite cleanup -->
  <testcase name="@BeforeSuite init" time="0.0" classname="resources.BasePageTest">
    <ignored/>
  </testcase> <!-- @BeforeSuite init -->
</testsuite> <!-- BookingFlow -->
