<?xml version="1.0" encoding="UTF-8"?>
<!-- Generated by org.testng.reporters.JUnitXMLReporter -->
<testsuite hostname="kuldeep-Travel" ignored="4" name="Default test" tests="1" failures="0" timestamp="27 Mar 2019 09:51:47 GMT" time="12.105" errors="0">
  <testcase name="clickToFab5ShoppingLinkAndGetGetFab5ShoppingHomePageURL" time="12.076" classname="b2c.HomePageLinkTest"/>
  <testcase name="footerTopMenuLinks" time="0.0" classname="b2c.HomePageLinkTest">
    <ignored/>
  </testcase> <!-- footerTopMenuLinks -->
  <testcase name="clickOffersLinkAndVerify" time="0.0" classname="b2c.HomePageLinkTest">
    <ignored/>
  </testcase> <!-- clickOffersLinkAndVerify -->
  <testcase name="clickToBirdParkLinkAndGetBirdParkHomePageURL" time="0.0" classname="b2c.HomePageLinkTest">
    <ignored/>
  </testcase> <!-- clickToBirdParkLinkAndGetBirdParkHomePageURL -->
  <testcase name="clickToWaterKingdomAndGetWaterKingdomHomePageURL" time="0.0" classname="b2c.HomePageLinkTest">
    <ignored/>
  </testcase> <!-- clickToWaterKingdomAndGetWaterKingdomHomePageURL -->
</testsuite> <!-- Default test -->
